<?xml version="1.0" encoding="UTF-8"?>
<!-- Generated by org.testng.reporters.JUnitReportReporter -->
<testsuite hostname="DESKTOP-MOTNN2M" failures="0" tests="2" name="org.practice.PracticeTest1" time="0.016" errors="0" timestamp="18 Jul 2022 09:22:09 GMT">
  <testcase classname="org.practice.PracticeTest1" name="display" time="0.014"/>
  <testcase classname="org.practice.PracticeTest1" name="display2" time="0.002"/>
</testsuite> <!-- org.practice.PracticeTest1 -->
